Vivado Simulator 2019.2
Time resolution is 1 fs
WARNING: file design.txt could not be opened
 *** Warning: The analog data file design.txt for XADC instance sim_tb_top.u_ip_top.u_mig_7series_0.u_mig_7series_0_mig.temp_mon_enabled.u_tempmon.xadc_supplied_temperature.XADC_inst was not found. Use the SIM_MONITOR_FILE parameter to specify the analog data file name or use the default name: design.txt.

############# Write Clocks PLLE2_ADV Parameters #############

nCK_PER_CLK      =       4
CLK_PERIOD       =    6000
CLKIN1_PERIOD    =   6.000
DIVCLK_DIVIDE    =       1
CLKFBOUT_MULT    =       8
VCO_PERIOD       =   750.0
CLKOUT0_DIVIDE_F =       2
CLKOUT1_DIVIDE   =       4
CLKOUT2_DIVIDE   =      64
CLKOUT3_DIVIDE   =      16
CLKOUT0_PERIOD   =    1500
CLKOUT1_PERIOD   =    3000
CLKOUT2_PERIOD   =   48000
CLKOUT3_PERIOD   =   12000
CLKOUT4_PERIOD   =    6000
############################################################

############# MMCME2_ADV Parameters #############

MMCM_MULT_F           =           8
MMCM_VCO_FREQ (MHz)   = 666.000
MMCM_VCO_PERIOD       = 1501.502
#################################################

sim_tb_top.u_ip_top.u_mig_7series_0.u_mig_7series_0_mig.u_memc_ui_top_std.mem_intfc0.ddr_phy_top0.u_ddr_mc_phy_wrapper.u_ddr_mc_phy : BYTE_LANES_B0 = f BYTE_LANES_B1 = 8 DATA_CTL_B0 = 1 DATA_CTL_B1 = 8
sim_tb_top.u_ip_top.u_mig_7series_0.u_mig_7series_0_mig.u_memc_ui_top_std.mem_intfc0.ddr_phy_top0.u_ddr_mc_phy_wrapper.u_ddr_mc_phy : HIGHEST_LANE =           8 HIGHEST_LANE_B0 =           4 HIGHEST_LANE_B1 =           4
sim_tb_top.u_ip_top.u_mig_7series_0.u_mig_7series_0_mig.u_memc_ui_top_std.mem_intfc0.ddr_phy_top0.u_ddr_mc_phy_wrapper.u_ddr_mc_phy : HIGHEST_BANK =           2
sim_tb_top.u_ip_top.u_mig_7series_0.u_mig_7series_0_mig.u_memc_ui_top_std.mem_intfc0.ddr_phy_top0.u_ddr_mc_phy_wrapper.u_ddr_mc_phy : FREQ_REF_PERIOD         = 1500.00 
sim_tb_top.u_ip_top.u_mig_7series_0.u_mig_7series_0_mig.u_memc_ui_top_std.mem_intfc0.ddr_phy_top0.u_ddr_mc_phy_wrapper.u_ddr_mc_phy : DDR_TCK                 = 3000 
sim_tb_top.u_ip_top.u_mig_7series_0.u_mig_7series_0_mig.u_memc_ui_top_std.mem_intfc0.ddr_phy_top0.u_ddr_mc_phy_wrapper.u_ddr_mc_phy : PO_S2_TAPS_SIZE         = 11.72 
sim_tb_top.u_ip_top.u_mig_7series_0.u_mig_7series_0_mig.u_memc_ui_top_std.mem_intfc0.ddr_phy_top0.u_ddr_mc_phy_wrapper.u_ddr_mc_phy : PO_CIRC_BUF_EARLY       = 1 
sim_tb_top.u_ip_top.u_mig_7series_0.u_mig_7series_0_mig.u_memc_ui_top_std.mem_intfc0.ddr_phy_top0.u_ddr_mc_phy_wrapper.u_ddr_mc_phy : PO_CIRC_BUF_OFFSET      = 1557.90 
sim_tb_top.u_ip_top.u_mig_7series_0.u_mig_7series_0_mig.u_memc_ui_top_std.mem_intfc0.ddr_phy_top0.u_ddr_mc_phy_wrapper.u_ddr_mc_phy : PO_CIRC_BUF_META_ZONE   = 200.00 
sim_tb_top.u_ip_top.u_mig_7series_0.u_mig_7series_0_mig.u_memc_ui_top_std.mem_intfc0.ddr_phy_top0.u_ddr_mc_phy_wrapper.u_ddr_mc_phy : PO_STG2_FINE_INTR_DLY   = 874.70 
sim_tb_top.u_ip_top.u_mig_7series_0.u_mig_7series_0_mig.u_memc_ui_top_std.mem_intfc0.ddr_phy_top0.u_ddr_mc_phy_wrapper.u_ddr_mc_phy : PO_STG2_COARSE_INTR_DLY = 567.40 
sim_tb_top.u_ip_top.u_mig_7series_0.u_mig_7series_0_mig.u_memc_ui_top_std.mem_intfc0.ddr_phy_top0.u_ddr_mc_phy_wrapper.u_ddr_mc_phy : PO_STG2_INTRINSIC_DELAY = 1442.10 
sim_tb_top.u_ip_top.u_mig_7series_0.u_mig_7series_0_mig.u_memc_ui_top_std.mem_intfc0.ddr_phy_top0.u_ddr_mc_phy_wrapper.u_ddr_mc_phy : PO_CIRC_BUF_DELAY       = 60 
sim_tb_top.u_ip_top.u_mig_7series_0.u_mig_7series_0_mig.u_memc_ui_top_std.mem_intfc0.ddr_phy_top0.u_ddr_mc_phy_wrapper.u_ddr_mc_phy : PO_INTRINSIC_DELAY      = 1442.10 
sim_tb_top.u_ip_top.u_mig_7series_0.u_mig_7series_0_mig.u_memc_ui_top_std.mem_intfc0.ddr_phy_top0.u_ddr_mc_phy_wrapper.u_ddr_mc_phy : PO_DELAY                = 2145.22 
sim_tb_top.u_ip_top.u_mig_7series_0.u_mig_7series_0_mig.u_memc_ui_top_std.mem_intfc0.ddr_phy_top0.u_ddr_mc_phy_wrapper.u_ddr_mc_phy : PO_OCLK_DELAY           = 0 
sim_tb_top.u_ip_top.u_mig_7series_0.u_mig_7series_0_mig.u_memc_ui_top_std.mem_intfc0.ddr_phy_top0.u_ddr_mc_phy_wrapper.u_ddr_mc_phy : L_PHY_0_PO_FINE_DELAY   = 60 
sim_tb_top.u_ip_top.u_mig_7series_0.u_mig_7series_0_mig.u_memc_ui_top_std.mem_intfc0.ddr_phy_top0.u_ddr_mc_phy_wrapper.u_ddr_mc_phy : PI_STG1_INTRINSIC_DELAY = 0.00 
sim_tb_top.u_ip_top.u_mig_7series_0.u_mig_7series_0_mig.u_memc_ui_top_std.mem_intfc0.ddr_phy_top0.u_ddr_mc_phy_wrapper.u_ddr_mc_phy : PI_STG2_INTRINSIC_DELAY = 849.45 
sim_tb_top.u_ip_top.u_mig_7series_0.u_mig_7series_0_mig.u_memc_ui_top_std.mem_intfc0.ddr_phy_top0.u_ddr_mc_phy_wrapper.u_ddr_mc_phy : PI_INTRINSIC_DELAY      = 849.45 
sim_tb_top.u_ip_top.u_mig_7series_0.u_mig_7series_0_mig.u_memc_ui_top_std.mem_intfc0.ddr_phy_top0.u_ddr_mc_phy_wrapper.u_ddr_mc_phy : PI_MAX_STG2_DELAY       = 738.28 
sim_tb_top.u_ip_top.u_mig_7series_0.u_mig_7series_0_mig.u_memc_ui_top_std.mem_intfc0.ddr_phy_top0.u_ddr_mc_phy_wrapper.u_ddr_mc_phy : PI_OFFSET               = 96.00 
sim_tb_top.u_ip_top.u_mig_7series_0.u_mig_7series_0_mig.u_memc_ui_top_std.mem_intfc0.ddr_phy_top0.u_ddr_mc_phy_wrapper.u_ddr_mc_phy : PI_STG2_DELAY           = 96.00 
sim_tb_top.u_ip_top.u_mig_7series_0.u_mig_7series_0_mig.u_memc_ui_top_std.mem_intfc0.ddr_phy_top0.u_ddr_mc_phy_wrapper.u_ddr_mc_phy :PI_STG2_DELAY_CAND       = 96.00 
sim_tb_top.u_ip_top.u_mig_7series_0.u_mig_7series_0_mig.u_memc_ui_top_std.mem_intfc0.ddr_phy_top0.u_ddr_mc_phy_wrapper.u_ddr_mc_phy : DEFAULT_RCLK_DELAY      = 8 
sim_tb_top.u_ip_top.u_mig_7series_0.u_mig_7series_0_mig.u_memc_ui_top_std.mem_intfc0.ddr_phy_top0.u_ddr_mc_phy_wrapper.u_ddr_mc_phy : RCLK_SELECT_EDGE        = 111 
sim_tb_top.mem_rnk[0].mem.gen_mem[0].u_comp_ddr3.reset at time 1647100.0 ps WARNING: 200 us is required before RST_N goes inactive.
sim_tb_top.mem_rnk[0].mem.gen_mem[0].u_comp_ddr3.cmd_task at time 1725841.0 ps WARNING: 500 us is required after RST_N goes inactive before CKE goes active.
sim_tb_top.mem_rnk[0].mem.gen_mem[0].u_comp_ddr3.cmd_task: at time 2076841.0 ps INFO: Load Mode 2
sim_tb_top.mem_rnk[0].mem.gen_mem[0].u_comp_ddr3.cmd_task: at time 2076841.0 ps INFO: Load Mode 2 Partial Array Self Refresh = Bank 0-7
sim_tb_top.mem_rnk[0].mem.gen_mem[0].u_comp_ddr3.cmd_task: at time 2076841.0 ps INFO: Load Mode 2 CAS Write Latency =           5
sim_tb_top.mem_rnk[0].mem.gen_mem[0].u_comp_ddr3.cmd_task: at time 2076841.0 ps INFO: Load Mode 2 Auto Self Refresh = Disabled
sim_tb_top.mem_rnk[0].mem.gen_mem[0].u_comp_ddr3.cmd_task: at time 2076841.0 ps INFO: Load Mode 2 Self Refresh Temperature = Normal
sim_tb_top.mem_rnk[0].mem.gen_mem[0].u_comp_ddr3.cmd_task: at time 2076841.0 ps INFO: Load Mode 2 Dynamic ODT = Disabled
sim_tb_top.mem_rnk[0].mem.gen_mem[0].u_comp_ddr3.cmd_task: at time 3636841.0 ps INFO: Load Mode 3
sim_tb_top.mem_rnk[0].mem.gen_mem[0].u_comp_ddr3.cmd_task: at time 3636841.0 ps INFO: Load Mode 3 MultiPurpose Register Select = Pre-defined pattern
sim_tb_top.mem_rnk[0].mem.gen_mem[0].u_comp_ddr3.cmd_task: at time 3636841.0 ps INFO: Load Mode 3 MultiPurpose Register Enable = Disabled
sim_tb_top.mem_rnk[0].mem.gen_mem[0].u_comp_ddr3.cmd_task: at time 5196841.0 ps INFO: Load Mode 1
sim_tb_top.mem_rnk[0].mem.gen_mem[0].u_comp_ddr3.cmd_task: at time 5196841.0 ps INFO: Load Mode 1 DLL Enable = Enabled
sim_tb_top.mem_rnk[0].mem.gen_mem[0].u_comp_ddr3.cmd_task: at time 5196841.0 ps INFO: Load Mode 1 Output Drive Strength =          40 Ohm
sim_tb_top.mem_rnk[0].mem.gen_mem[0].u_comp_ddr3.cmd_task: at time 5196841.0 ps INFO: Load Mode 1 ODT Rtt =          40 Ohm
sim_tb_top.mem_rnk[0].mem.gen_mem[0].u_comp_ddr3.cmd_task: at time 5196841.0 ps INFO: Load Mode 1 Additive Latency = 0
sim_tb_top.mem_rnk[0].mem.gen_mem[0].u_comp_ddr3.cmd_task: at time 5196841.0 ps INFO: Load Mode 1 Write Levelization = Disabled
sim_tb_top.mem_rnk[0].mem.gen_mem[0].u_comp_ddr3.cmd_task: at time 5196841.0 ps INFO: Load Mode 1 TDQS Enable = Disabled
sim_tb_top.mem_rnk[0].mem.gen_mem[0].u_comp_ddr3.cmd_task: at time 5196841.0 ps INFO: Load Mode 1 Qoff = Enabled
sim_tb_top.mem_rnk[0].mem.gen_mem[0].u_comp_ddr3.cmd_task: at time 6756841.0 ps INFO: Load Mode 0
sim_tb_top.mem_rnk[0].mem.gen_mem[0].u_comp_ddr3.cmd_task: at time 6756841.0 ps INFO: Load Mode 0 Burst Length =  8
sim_tb_top.mem_rnk[0].mem.gen_mem[0].u_comp_ddr